{
  "RSpec": {
    "coverage": {
      "/Users/Home/room-eez/app/helpers/application_helper.rb": [
        1,
        null,
        null,
        null,
        null,
        null,
        null
      ],
      "/Users/Home/room-eez/app/models/bill.rb": [
        1,
        null,
        1,
        null,
        null,
        1,
        null,
        1,
        null,
        null,
        null,
        null,
        null,
        1,
        null,
        null,
        null,
        null
      ],
      "/Users/Home/room-eez/app/models/chore_master.rb": [
        1,
        1,
        1,
        null
      ],
      "/Users/Home/room-eez/app/models/chore.rb": [
        1,
        null,
        1,
        null,
        null,
        1,
        null,
        1,
        null,
        null,
        null,
        1,
        null,
        null
      ],
      "/Users/Home/room-eez/app/models/event.rb": [
        1,
        null,
        1,
        null,
        null,
        1,
        null,
        1,
        null,
        null,
        null,
        1,
        null,
        null,
        null
      ],
      "/Users/Home/room-eez/app/models/participant.rb": [
        1,
        1,
        1,
        null
      ],
      "/Users/Home/room-eez/app/models/user_bill.rb": [
        1,
        1,
        1,
        null
      ],
      "/Users/Home/room-eez/app/models/user.rb": [
        1,
        null,
        1,
        null,
        null,
        1,
        1,
        null,
        null,
        null,
        1,
        null,
        null,
        1,
        1,
        null,
        null,
        null,
        null,
        1,
        null,
        null,
        1,
        1,
        null,
        null,
        null,
        1,
        null,
        1,
        1,
        1,
        1,
        1,
        null,
        null,
        1,
        1,
        null,
        null
      ]
    },
    "timestamp": 1401982726
  }
}
